[12:21:09.870] Global cache location 'C:/Users/evert/AppData/Local/Microsoft/TypeScript/4.1', safe file path 'c:/users/evert/appdata/roaming/npm/node_modules/typescript/lib/typingsafelist.json', types map path c:/users/evert/appdata/roaming/npm/node_modules/typescript/lib/typesmap.json
[12:21:09.873] Processing cache location 'C:/Users/evert/AppData/Local/Microsoft/TypeScript/4.1'
[12:21:09.873] Trying to find 'C:/Users/evert/AppData/Local/Microsoft/TypeScript/4.1/package.json'...
[12:21:09.877] Loaded content of 'C:/Users/evert/AppData/Local/Microsoft/TypeScript/4.1/package.json': {"private":true,"dependencies":{"types-registry":"^0.1.522"},"devDependencies":{"@types/accepts":"^1.3.5","@types/acorn":"^4.0.5","@types/ajv-errors":"^1.0.3","@types/ansi-styles":"^3.2.1","@types/anymatch":"^1.3.1","@types/argparse":"^2.0.4","@types/arr-diff":"^4.0.0","@types/arr-union":"^3.1.0","@types/array-unique":"^0.3.0","@types/asn1":"^0.2.0","@types/assert":"^1.5.2","@types/assert-plus":"^1.0.4","@types/async":"^3.2.5","@types/atob":"^2.1.2","@types/autoprefixer":"^9.7.2","@types/aws4":"^1.5.1","@types/balanced-match":"^1.0.1","@types/base64-js":"^1.3.0","@types/big.js":"^6.0.1","@types/bindings":"^1.5.0","@types/bluebird":"^3.5.33","@types/bn.js":"^4.11.6","@types/body-parser":"^1.19.0","@types/bonjour":"^3.5.8","@types/bootstrap":"^5.0.1","@types/brace-expansion":"^1.1.0","@types/braces":"^3.0.0","@types/brorand":"^1.0.30","@types/browserslist":"^4.8.0","@types/buffer-from":"^1.1.0","@types/buffer-json":"^2.0.0","@types/buffer-xor":"^2.0.0","@types/bytes":"^3.1.0","@types/cacache":"^12.0.1","@types/cacheable-request":"^6.0.1","@types/caniuse-api":"^3.0.1","@types/caniuse-lite":"^1.0.0","@types/case-sensitive-paths-webpack-plugin":"^2.1.4","@types/caseless":"^0.12.2","@types/chardet":"^0.8.0","@types/check-types":"^7.3.1","@types/chownr":"^1.0.0","@types/ci-info":"^2.0.0","@types/cipher-base":"^1.0.0","@types/clean-css":"^4.2.3","@types/cli-spinners":"^1.3.0","@types/clone":"^2.1.0","@types/color":"^3.0.1","@types/color-convert":"^2.0.0","@types/color-name":"^1.1.1","@types/color-string":"^1.5.0","@types/combined-stream":"^1.0.2","@types/commondir":"^1.0.0","@types/component-emitter":"^1.2.10","@types/compressible":"^2.0.0","@types/compression":"^1.7.0","@types/concat-map":"^0.0.0","@types/concat-stream":"^1.6.0","@types/connect-history-api-fallback":"^1.3.3","@types/consolidate":"^0.14.0","@types/content-disposition":"^0.5.3","@types/content-type":"^1.1.3","@types/convert-source-map":"^1.5.1","@types/cookie":"^0.4.0","@types/cookie-signature":"^1.0.3","@types/copy-webpack-plugin":"^6.3.0","@types/core-js":"^2.5.4","@types/create-hash":"^1.2.2","@types/create-hmac":"^1.1.0","@types/cross-spawn":"^6.0.2","@types/css-declaration-sorter":"^5.1.0","@types/css-tree":"^1.0.4","@types/cssesc":"^3.0.0","@types/cssnano":"^4.0.0","@types/csso":"^3.5.1","@types/dashdash":"^1.14.0","@types/debug":"^4.1.5","@types/decode-uri-component":"^0.2.0","@types/deep-equal":"^1.0.1","@types/default-gateway":"^3.0.1","@types/defaults":"^1.0.3","@types/define-properties":"^1.1.3","@types/depd":"^1.1.32","@types/destroy":"^1.0.0","@types/detect-node":"^2.0.0","@types/diffie-hellman":"^5.0.0","@types/dir-glob":"^2.0.0","@types/doctrine":"^0.0.3","@types/domhandler":"^2.4.1","@types/domutils":"^1.7.3","@types/duplexer3":"^0.1.0","@types/duplexify":"^3.6.0","@types/ee-first":"^1.1.0","@types/ejs":"^3.0.5","@types/elliptic":"^6.4.12","@types/encodeurl":"^1.0.0","@types/end-of-stream":"^1.4.0","@types/enhanced-resolve":"^3.0.6","@types/es-abstract":"^1.17.2","@types/es-to-primitive":"^1.2.4","@types/escape-html":"^1.0.0","@types/eslint":"^7.2.6","@types/eslint-config-prettier":"^6.11.0","@types/eslint-plugin-prettier":"^3.1.0","@types/eslint-scope":"^3.7.0","@types/eslint-visitor-keys":"^1.0.0","@types/esprima":"^4.0.2","@types/esquery":"^1.0.1","@types/estraverse":"^5.1.0","@types/etag":"^1.8.0","@types/events":"^3.0.0","@types/eventsource":"^1.1.5","@types/express":"^4.17.9","@types/extend":"^3.0.1","@types/extsprintf":"^1.4.1","@types/fast-levenshtein":"^0.0.1","@types/file-entry-cache":"^5.0.1","@types/file-loader":"^4.2.0","@types/finalhandler":"^1.1.0","@types/find-cache-dir":"^3.2.0","@types/flat-cache":"^2.0.0","@types/flush-write-stream":"^1.0.0","@types/follow-redirects":"^1.13.0","@types/forever-agent":"^0.6.0","@types/forwarded":"^0.1.0","@types/fresh":"^0.5.0","@types/from2":"^2.3.0","@types/fs-extra":"^9.0.5","@types/function-bind":"^1.1.6","@types/get-caller-file":"^1.0.0","@types/get-value":"^3.0.1","@types/getpass":"^0.1.0","@types/glob":"^7.1.3","@types/glob-parent":"^5.1.0","@types/glob-to-regexp":"^0.4.0","@types/got":"^9.6.11","@types/graceful-fs":"^4.1.4","@types/has":"^1.0.0","@types/has-ansi":"^3.0.0","@types/has-symbols":"^1.0.0","@types/hash-sum":"^1.0.0","@types/he":"^1.1.1","@types/hex-color-regex":"^1.1.0","@types/hosted-git-info":"^3.0.1","@types/html-minifier":"^4.0.0","@types/html-webpack-plugin":"^3.2.4","@types/htmlparser2":"^3.10.2","@types/http-cache-semantics":"^4.0.0","@types/http-errors":"^1.8.0","@types/http-proxy":"^1.17.4","@types/http-proxy-middleware":"^0.19.3","@types/icss-utils":"^4.1.0","@types/iferr":"^1.0.2","@types/imurmurhash":"^0.1.1","@types/inherits":"^0.0.30","@types/inquirer":"^7.3.1","@types/invariant":"^2.2.34","@types/ip":"^1.1.0","@types/is-arguments":"^1.0.0","@types/is-buffer":"^2.0.0","@types/is-callable":"^1.1.0","@types/is-ci":"^2.0.0","@types/is-core-module":"^2.2.0","@types/is-date-object":"^1.0.1","@types/is-glob":"^4.0.1","@types/is-number":"^7.0.1","@types/is-object":"^1.0.1","@types/is-regex":"^1.0.0","@types/is-typedarray":"^1.0.0","@types/is-windows":"^1.0.0","@types/isarray":"^2.0.0","@types/isexe":"^2.0.0","@types/isstream":"^0.1.0","@types/js-yaml":"^3.12.5","@types/jsbn":"^1.2.29","@types/jsesc":"^2.5.1","@types/json-buffer":"^3.0.0","@types/json-parse-better-errors":"^1.0.0","@types/json-schema":"^7.0.6","@types/json-schema-traverse":"^0.4.0","@types/json-stringify-safe":"^5.0.0","@types/json3":"^3.3.2","@types/json5":"^0.0.30","@types/jsonfile":"^6.0.0","@types/keyv":"^3.1.1","@types/kind-of":"^6.0.0","@types/loader-runner":"^2.2.3","@types/loader-utils":"^2.0.1","@types/lodash":"^4.14.165","@types/lodash.defaultsdeep":"^4.6.6","@types/lodash.kebabcase":"^4.1.6","@types/lodash.mapvalues":"^4.6.6","@types/lodash.memoize":"^4.1.6","@types/lodash.transform":"^4.6.6","@types/lodash.uniq":"^4.5.6","@types/lru-cache":"^5.1.0","@types/media-typer":"^1.1.0","@types/memory-fs":"^0.3.2","@types/merge-descriptors":"^1.0.1","@types/merge-stream":"^1.1.2","@types/merge2":"^1.3.0","@types/methods":"^1.1.1","@types/micromatch":"^4.0.1","@types/mime":"^2.0.3","@types/mime-db":"^1.43.0","@types/mime-types":"^2.1.0","@types/mini-css-extract-plugin":"^1.2.2","@types/minimalistic-assert":"^1.0.1","@types/minimatch":"^3.0.3","@types/minimist":"^1.2.1","@types/minipass":"^2.2.0","@types/mkdirp":"^1.0.1","@types/move-concurrently":"^1.0.2","@types/ms":"^0.7.31","@types/mute-stream":"^0.0.0","@types/mz":"^2.7.3","@types/natural-compare":"^1.4.0","@types/negotiator":"^0.6.1","@types/nice-try":"^2.1.0","@types/node-fetch":"^2.5.7","@types/node-forge":"^0.9.5","@types/node-ipc":"^9.1.3","@types/normalize-package-data":"^2.4.0","@types/normalize-path":"^3.0.0","@types/num2fraction":"^1.2.0","@types/object-assign":"^4.0.30","@types/object-hash":"^1.3.4","@types/object-inspect":"^1.8.0","@types/object-keys":"^1.0.1","@types/object.getownpropertydescriptors":"^2.1.1","@types/object.pick":"^1.3.0","@types/on-finished":"^2.3.1","@types/on-headers":"^1.0.0","@types/once":"^1.4.0","@types/opener":"^1.4.0","@types/original":"^1.0.0","@types/os-tmpdir":"^1.0.0","@types/pako":"^1.0.1","@types/parallel-transform":"^1.1.0","@types/parse-json":"^4.0.0","@types/parse5":"^5.0.3","@types/parse5-htmlparser2-tree-adapter":"^5.0.1","@types/parseurl":"^1.3.1","@types/pascalcase":"^1.0.0","@types/path-is-absolute":"^1.0.0","@types/path-is-inside":"^1.0.0","@types/path-parse":"^1.0.19","@types/pbkdf2":"^3.1.0","@types/picomatch":"^2.2.1","@types/pify":"^5.0.0","@types/postcss-calc":"^7.0.0","@types/postcss-load-config":"^2.0.1","@types/postcss-modules-extract-imports":"^2.0.0","@types/postcss-modules-local-by-default":"^1.2.0","@types/postcss-modules-scope":"^1.1.0","@types/postcss-modules-values":"^3.0.0","@types/prelude-ls":"^1.1.29","@types/prettier":"^2.1.5","@types/prettier-linter-helpers":"^1.0.0","@types/progress":"^2.0.3","@types/promise-inflight":"^1.0.0","@types/proxy-addr":"^2.0.0","@types/psl":"^1.1.0","@types/pump":"^1.1.0","@types/pumpify":"^1.4.1","@types/punycode":"^2.1.0","@types/q":"^1.5.4","@types/qs":"^6.9.5","@types/querystringify":"^2.0.0","@types/randombytes":"^2.0.0","@types/range-parser":"^1.2.3","@types/readable-stream":"^2.3.9","@types/regenerator-runtime":"^0.13.0","@types/relateurl":"^0.2.28","@types/repeat-element":"^1.1.0","@types/repeat-string":"^1.6.0","@types/request":"^2.48.5","@types/require-directory":"^2.1.1","@types/requires-port":"^1.0.0","@types/resolve":"^1.17.1","@types/responselike":"^1.0.0","@types/retry":"^0.12.0","@types/rimraf":"^3.0.0","@types/ripemd160":"^2.0.0","@types/safe-regex":"^1.1.2","@types/safer-buffer":"^2.1.0","@types/sax":"^1.2.1","@types/semver":"^7.3.4","@types/send":"^0.14.5","@types/serialize-javascript":"^5.0.0","@types/serve-index":"^1.7.30","@types/serve-static":"^1.13.8","@types/set-value":"^2.0.0","@types/setimmediate":"^1.0.2","@types/sha.js":"^2.4.0","@types/shebang-command":"^1.2.0","@types/shell-quote":"^1.7.0","@types/signal-exit":"^3.0.0","@types/slice-ansi":"^4.0.0","@types/sockjs":"^0.3.32","@types/sockjs-client":"^1.5.0","@types/source-list-map":"^0.1.2","@types/source-map-support":"^0.5.3","@types/spdx-correct":"^2.0.0","@types/spdx-expression-parse":"^3.0.0","@types/spdy":"^3.4.4","@types/sprintf":"^0.1.0","@types/sprintf-js":"^1.1.2","@types/sshpk":"^1.10.5","@types/ssri":"^7.1.0","@types/statuses":"^2.0.0","@types/stream-each":"^1.2.0","@types/stream-shift":"^1.0.0","@types/strict-uri-encode":"^2.0.0","@types/supports-color":"^7.2.0","@types/svg-tags":"^1.0.0","@types/svgo":"^1.3.3","@types/table":"^6.0.0","@types/tapable":"^1.0.6","@types/terser-webpack-plugin":"^5.0.2","@types/text-table":"^0.2.1","@types/through":"^0.0.30","@types/through2":"^2.0.36","@types/timsort":"^0.3.0","@types/tmp":"^0.2.0","@types/toposort":"^2.0.3","@types/tough-cookie":"^4.0.0","@types/tryer":"^1.0.1","@types/type-check":"^0.3.27","@types/type-is":"^1.6.3","@types/uglify-js":"^3.11.1","@types/uniq":"^0.0.27","@types/universalify":"^1.0.0","@types/urix":"^0.1.0","@types/url-parse":"^1.4.3","@types/util-deprecate":"^1.0.0","@types/util.promisify":"^1.0.4","@types/utils-merge":"^0.0.28","@types/uuid":"^8.3.0","@types/validate-npm-package-license":"^3.0.0","@types/vary":"^1.1.0","@types/verror":"^1.10.4","@types/watchpack":"^1.1.5","@types/wcwidth":"^1.0.0","@types/webpack":"^4.41.25","@types/webpack-bundle-analyzer":"^3.9.0","@types/webpack-dev-middleware":"^3.7.2","@types/webpack-dev-server":"^3.11.1","@types/webpack-merge":"^4.1.5","@types/webpack-sources":"^2.1.0","@types/which":"^1.3.2","@types/wrap-ansi":"^3.0.0","@types/write":"^2.0.0","@types/ws":"^7.4.0","@types/xtend":"^4.0.3","@types/y18n":"^4.0.0","@types/yallist":"^3.0.1","@types/yargs":"^15.0.12","@types/yargs-parser":"^15.0.0"}}
[12:21:09.878] Loaded content of 'C:/Users/evert/AppData/Local/Microsoft/TypeScript/4.1/package-lock.json'
[12:21:09.889] Adding entry into typings cache: 'accepts' => 'C:/Users/evert/AppData/Local/Microsoft/TypeScript/4.1/node_modules/@types/accepts/index.d.ts'
[12:21:09.893] Adding entry into typings cache: 'acorn' => 'C:/Users/evert/AppData/Local/Microsoft/TypeScript/4.1/node_modules/acorn/dist/acorn.d.ts'
[12:21:09.897] Adding entry into typings cache: 'ajv-errors' => 'C:/Users/evert/AppData/Local/Microsoft/TypeScript/4.1/node_modules/@types/ajv-errors/index.d.ts'
[12:21:09.901] Adding entry into typings cache: 'ansi-styles' => 'C:/Users/evert/AppData/Local/Microsoft/TypeScript/4.1/node_modules/@types/ansi-styles/index.d.ts'
[12:21:09.907] Adding entry into typings cache: 'anymatch' => 'C:/Users/evert/AppData/Local/Microsoft/TypeScript/4.1/node_modules/@types/anymatch/index.d.ts'
[12:21:09.913] Adding entry into typings cache: 'argparse' => 'C:/Users/evert/AppData/Local/Microsoft/TypeScript/4.1/node_modules/@types/argparse/index.d.ts'
[12:21:09.923] Adding entry into typings cache: 'arr-diff' => 'C:/Users/evert/AppData/Local/Microsoft/TypeScript/4.1/node_modules/@types/arr-diff/index.d.ts'
[12:21:09.929] Adding entry into typings cache: 'arr-union' => 'C:/Users/evert/AppData/Local/Microsoft/TypeScript/4.1/node_modules/@types/arr-union/index.d.ts'
[12:21:09.935] Adding entry into typings cache: 'array-unique' => 'C:/Users/evert/AppData/Local/Microsoft/TypeScript/4.1/node_modules/@types/array-unique/index.d.ts'
[12:21:09.938] Adding entry into typings cache: 'asn1' => 'C:/Users/evert/AppData/Local/Microsoft/TypeScript/4.1/node_modules/@types/asn1/index.d.ts'
[12:21:09.941] Adding entry into typings cache: 'assert' => 'C:/Users/evert/AppData/Local/Microsoft/TypeScript/4.1/node_modules/@types/assert/index.d.ts'
[12:21:09.944] Adding entry into typings cache: 'assert-plus' => 'C:/Users/evert/AppData/Local/Microsoft/TypeScript/4.1/node_modules/@types/assert-plus/index.d.ts'
[12:21:09.947] Adding entry into typings cache: 'async' => 'C:/Users/evert/AppData/Local/Microsoft/TypeScript/4.1/node_modules/@types/async/index.d.ts'
[12:21:09.952] Adding entry into typings cache: 'atob' => 'C:/Users/evert/AppData/Local/Microsoft/TypeScript/4.1/node_modules/@types/atob/index.d.ts'
[12:21:09.956] Adding entry into typings cache: 'autoprefixer' => 'C:/Users/evert/AppData/Local/Microsoft/TypeScript/4.1/node_modules/@types/autoprefixer/index.d.ts'
[12:21:09.958] Adding entry into typings cache: 'aws4' => 'C:/Users/evert/AppData/Local/Microsoft/TypeScript/4.1/node_modules/@types/aws4/index.d.ts'
[12:21:09.963] Adding entry into typings cache: 'balanced-match' => 'C:/Users/evert/AppData/Local/Microsoft/TypeScript/4.1/node_modules/@types/balanced-match/index.d.ts'
[12:21:09.967] Adding entry into typings cache: 'base64-js' => 'C:/Users/evert/AppData/Local/Microsoft/TypeScript/4.1/node_modules/@types/base64-js/index.d.ts'
[12:21:09.970] Adding entry into typings cache: 'big.js' => 'C:/Users/evert/AppData/Local/Microsoft/TypeScript/4.1/node_modules/@types/big.js/index.d.ts'
[12:21:09.974] Adding entry into typings cache: 'bindings' => 'C:/Users/evert/AppData/Local/Microsoft/TypeScript/4.1/node_modules/@types/bindings/index.d.ts'
[12:21:09.976] Adding entry into typings cache: 'bluebird' => 'C:/Users/evert/AppData/Local/Microsoft/TypeScript/4.1/node_modules/@types/bluebird/index.d.ts'
[12:21:09.980] Adding entry into typings cache: 'bn.js' => 'C:/Users/evert/AppData/Local/Microsoft/TypeScript/4.1/node_modules/@types/bn.js/index.d.ts'
[12:21:09.985] Adding entry into typings cache: 'body-parser' => 'C:/Users/evert/AppData/Local/Microsoft/TypeScript/4.1/node_modules/@types/body-parser/index.d.ts'
[12:21:09.988] Adding entry into typings cache: 'bonjour' => 'C:/Users/evert/AppData/Local/Microsoft/TypeScript/4.1/node_modules/@types/bonjour/index.d.ts'
[12:21:09.992] Adding entry into typings cache: 'bootstrap' => 'C:/Users/evert/AppData/Local/Microsoft/TypeScript/4.1/node_modules/@types/bootstrap/index.d.ts'
[12:21:09.996] Adding entry into typings cache: 'brace-expansion' => 'C:/Users/evert/AppData/Local/Microsoft/TypeScript/4.1/node_modules/@types/brace-expansion/index.d.ts'
[12:21:10.005] Adding entry into typings cache: 'braces' => 'C:/Users/evert/AppData/Local/Microsoft/TypeScript/4.1/node_modules/@types/braces/index.d.ts'
[12:21:10.008] Adding entry into typings cache: 'brorand' => 'C:/Users/evert/AppData/Local/Microsoft/TypeScript/4.1/node_modules/@types/brorand/index.d.ts'
[12:21:10.011] Adding entry into typings cache: 'browserslist' => 'C:/Users/evert/AppData/Local/Microsoft/TypeScript/4.1/node_modules/browserslist/index.d.ts'
[12:21:10.014] Adding entry into typings cache: 'buffer-from' => 'C:/Users/evert/AppData/Local/Microsoft/TypeScript/4.1/node_modules/@types/buffer-from/index.d.ts'
[12:21:10.016] Adding entry into typings cache: 'buffer-json' => 'C:/Users/evert/AppData/Local/Microsoft/TypeScript/4.1/node_modules/@types/buffer-json/index.d.ts'
[12:21:10.019] Adding entry into typings cache: 'buffer-xor' => 'C:/Users/evert/AppData/Local/Microsoft/TypeScript/4.1/node_modules/@types/buffer-xor/index.d.ts'
[12:21:10.025] Adding entry into typings cache: 'bytes' => 'C:/Users/evert/AppData/Local/Microsoft/TypeScript/4.1/node_modules/@types/bytes/index.d.ts'
[12:21:10.027] Adding entry into typings cache: 'cacache' => 'C:/Users/evert/AppData/Local/Microsoft/TypeScript/4.1/node_modules/@types/cacache/index.d.ts'
[12:21:10.033] Adding entry into typings cache: 'cacheable-request' => 'C:/Users/evert/AppData/Local/Microsoft/TypeScript/4.1/node_modules/@types/cacheable-request/index.d.ts'
[12:21:10.037] Adding entry into typings cache: 'caniuse-api' => 'C:/Users/evert/AppData/Local/Microsoft/TypeScript/4.1/node_modules/@types/caniuse-api/index.d.ts'
[12:21:10.043] Adding entry into typings cache: 'caniuse-lite' => 'C:/Users/evert/AppData/Local/Microsoft/TypeScript/4.1/node_modules/@types/caniuse-lite/index.d.ts'
[12:21:10.046] Adding entry into typings cache: 'case-sensitive-paths-webpack-plugin' => 'C:/Users/evert/AppData/Local/Microsoft/TypeScript/4.1/node_modules/@types/case-sensitive-paths-webpack-plugin/index.d.ts'
[12:21:10.050] Adding entry into typings cache: 'caseless' => 'C:/Users/evert/AppData/Local/Microsoft/TypeScript/4.1/node_modules/@types/caseless/index.d.ts'
[12:21:10.053] Adding entry into typings cache: 'chardet' => 'C:/Users/evert/AppData/Local/Microsoft/TypeScript/4.1/node_modules/@types/chardet/index.d.ts'
[12:21:10.055] Adding entry into typings cache: 'check-types' => 'C:/Users/evert/AppData/Local/Microsoft/TypeScript/4.1/node_modules/@types/check-types/index.d.ts'
[12:21:10.057] Adding entry into typings cache: 'chownr' => 'C:/Users/evert/AppData/Local/Microsoft/TypeScript/4.1/node_modules/@types/chownr/index.d.ts'
[12:21:10.060] Adding entry into typings cache: 'ci-info' => 'C:/Users/evert/AppData/Local/Microsoft/TypeScript/4.1/node_modules/@types/ci-info/index.d.ts'
[12:21:10.062] Adding entry into typings cache: 'cipher-base' => 'C:/Users/evert/AppData/Local/Microsoft/TypeScript/4.1/node_modules/@types/cipher-base/index.d.ts'
[12:21:10.064] Adding entry into typings cache: 'clean-css' => 'C:/Users/evert/AppData/Local/Microsoft/TypeScript/4.1/node_modules/@types/clean-css/index.d.ts'
[12:21:10.067] Adding entry into typings cache: 'cli-spinners' => 'C:/Users/evert/AppData/Local/Microsoft/TypeScript/4.1/node_modules/@types/cli-spinners/index.d.ts'
[12:21:10.069] Adding entry into typings cache: 'clone' => 'C:/Users/evert/AppData/Local/Microsoft/TypeScript/4.1/node_modules/@types/clone/index.d.ts'
[12:21:10.073] Adding entry into typings cache: 'color' => 'C:/Users/evert/AppData/Local/Microsoft/TypeScript/4.1/node_modules/@types/color/index.d.ts'
[12:21:10.080] Adding entry into typings cache: 'color-convert' => 'C:/Users/evert/AppData/Local/Microsoft/TypeScript/4.1/node_modules/@types/color-convert/index.d.ts'
[12:21:10.086] Adding entry into typings cache: 'color-name' => 'C:/Users/evert/AppData/Local/Microsoft/TypeScript/4.1/node_modules/@types/color-name/index.d.ts'
[12:21:10.088] Adding entry into typings cache: 'color-string' => 'C:/Users/evert/AppData/Local/Microsoft/TypeScript/4.1/node_modules/@types/color-string/index.d.ts'
[12:21:10.092] Adding entry into typings cache: 'combined-stream' => 'C:/Users/evert/AppData/Local/Microsoft/TypeScript/4.1/node_modules/@types/combined-stream/index.d.ts'
[12:21:10.096] Adding entry into typings cache: 'commondir' => 'C:/Users/evert/AppData/Local/Microsoft/TypeScript/4.1/node_modules/@types/commondir/index.d.ts'
[12:21:10.101] Adding entry into typings cache: 'component-emitter' => 'C:/Users/evert/AppData/Local/Microsoft/TypeScript/4.1/node_modules/@types/component-emitter/index.d.ts'
[12:21:10.105] Adding entry into typings cache: 'compressible' => 'C:/Users/evert/AppData/Local/Microsoft/TypeScript/4.1/node_modules/@types/compressible/index.d.ts'
[12:21:10.108] Adding entry into typings cache: 'compression' => 'C:/Users/evert/AppData/Local/Microsoft/TypeScript/4.1/node_modules/@types/compression/index.d.ts'
[12:21:10.111] Adding entry into typings cache: 'concat-map' => 'C:/Users/evert/AppData/Local/Microsoft/TypeScript/4.1/node_modules/@types/concat-map/index.d.ts'
[12:21:10.113] Adding entry into typings cache: 'concat-stream' => 'C:/Users/evert/AppData/Local/Microsoft/TypeScript/4.1/node_modules/@types/concat-stream/index.d.ts'
[12:21:10.116] Adding entry into typings cache: 'connect-history-api-fallback' => 'C:/Users/evert/AppData/Local/Microsoft/TypeScript/4.1/node_modules/@types/connect-history-api-fallback/index.d.ts'
[12:21:10.122] Adding entry into typings cache: 'consolidate' => 'C:/Users/evert/AppData/Local/Microsoft/TypeScript/4.1/node_modules/@types/consolidate/index.d.ts'
[12:21:10.124] Adding entry into typings cache: 'content-disposition' => 'C:/Users/evert/AppData/Local/Microsoft/TypeScript/4.1/node_modules/@types/content-disposition/index.d.ts'
[12:21:10.127] Adding entry into typings cache: 'content-type' => 'C:/Users/evert/AppData/Local/Microsoft/TypeScript/4.1/node_modules/@types/content-type/index.d.ts'
[12:21:10.131] Adding entry into typings cache: 'convert-source-map' => 'C:/Users/evert/AppData/Local/Microsoft/TypeScript/4.1/node_modules/@types/convert-source-map/index.d.ts'
[12:21:10.133] Adding entry into typings cache: 'cookie' => 'C:/Users/evert/AppData/Local/Microsoft/TypeScript/4.1/node_modules/@types/cookie/index.d.ts'
[12:21:10.136] Adding entry into typings cache: 'cookie-signature' => 'C:/Users/evert/AppData/Local/Microsoft/TypeScript/4.1/node_modules/@types/cookie-signature/index.d.ts'
[12:21:10.139] Adding entry into typings cache: 'copy-webpack-plugin' => 'C:/Users/evert/AppData/Local/Microsoft/TypeScript/4.1/node_modules/@types/copy-webpack-plugin/index.d.ts'
[12:21:10.142] Adding entry into typings cache: 'core-js' => 'C:/Users/evert/AppData/Local/Microsoft/TypeScript/4.1/node_modules/@types/core-js/index.d.ts'
[12:21:10.144] Adding entry into typings cache: 'create-hash' => 'C:/Users/evert/AppData/Local/Microsoft/TypeScript/4.1/node_modules/@types/create-hash/index.d.ts'
[12:21:10.147] Adding entry into typings cache: 'create-hmac' => 'C:/Users/evert/AppData/Local/Microsoft/TypeScript/4.1/node_modules/@types/create-hmac/index.d.ts'
[12:21:10.149] Adding entry into typings cache: 'cross-spawn' => 'C:/Users/evert/AppData/Local/Microsoft/TypeScript/4.1/node_modules/@types/cross-spawn/index.d.ts'
[12:21:10.151] Adding entry into typings cache: 'css-declaration-sorter' => 'C:/Users/evert/AppData/Local/Microsoft/TypeScript/4.1/node_modules/@types/css-declaration-sorter/index.d.ts'
[12:21:10.153] Adding entry into typings cache: 'css-tree' => 'C:/Users/evert/AppData/Local/Microsoft/TypeScript/4.1/node_modules/@types/css-tree/index.d.ts'
[12:21:10.155] Adding entry into typings cache: 'cssesc' => 'C:/Users/evert/AppData/Local/Microsoft/TypeScript/4.1/node_modules/@types/cssesc/index.d.ts'
[12:21:10.157] Adding entry into typings cache: 'cssnano' => 'C:/Users/evert/AppData/Local/Microsoft/TypeScript/4.1/node_modules/@types/cssnano/index.d.ts'
[12:21:10.162] Adding entry into typings cache: 'csso' => 'C:/Users/evert/AppData/Local/Microsoft/TypeScript/4.1/node_modules/@types/csso/index.d.ts'
[12:21:10.164] Adding entry into typings cache: 'dashdash' => 'C:/Users/evert/AppData/Local/Microsoft/TypeScript/4.1/node_modules/@types/dashdash/index.d.ts'
[12:21:10.170] Adding entry into typings cache: 'debug' => 'C:/Users/evert/AppData/Local/Microsoft/TypeScript/4.1/node_modules/@types/debug/index.d.ts'
[12:21:10.176] Adding entry into typings cache: 'decode-uri-component' => 'C:/Users/evert/AppData/Local/Microsoft/TypeScript/4.1/node_modules/@types/decode-uri-component/index.d.ts'
[12:21:10.179] Adding entry into typings cache: 'deep-equal' => 'C:/Users/evert/AppData/Local/Microsoft/TypeScript/4.1/node_modules/@types/deep-equal/index.d.ts'
[12:21:10.182] Adding entry into typings cache: 'default-gateway' => 'C:/Users/evert/AppData/Local/Microsoft/TypeScript/4.1/node_modules/@types/default-gateway/index.d.ts'
[12:21:10.184] Adding entry into typings cache: 'defaults' => 'C:/Users/evert/AppData/Local/Microsoft/TypeScript/4.1/node_modules/@types/defaults/index.d.ts'
[12:21:10.186] Adding entry into typings cache: 'define-properties' => 'C:/Users/evert/AppData/Local/Microsoft/TypeScript/4.1/node_modules/@types/define-properties/index.d.ts'
[12:21:10.188] Adding entry into typings cache: 'depd' => 'C:/Users/evert/AppData/Local/Microsoft/TypeScript/4.1/node_modules/@types/depd/index.d.ts'
[12:21:10.190] Adding entry into typings cache: 'destroy' => 'C:/Users/evert/AppData/Local/Microsoft/TypeScript/4.1/node_modules/@types/destroy/index.d.ts'
[12:21:10.192] Adding entry into typings cache: 'detect-node' => 'C:/Users/evert/AppData/Local/Microsoft/TypeScript/4.1/node_modules/@types/detect-node/index.d.ts'
[12:21:10.195] Adding entry into typings cache: 'diffie-hellman' => 'C:/Users/evert/AppData/Local/Microsoft/TypeScript/4.1/node_modules/@types/diffie-hellman/index.d.ts'
[12:21:10.197] Adding entry into typings cache: 'dir-glob' => 'C:/Users/evert/AppData/Local/Microsoft/TypeScript/4.1/node_modules/@types/dir-glob/index.d.ts'
[12:21:10.199] Adding entry into typings cache: 'doctrine' => 'C:/Users/evert/AppData/Local/Microsoft/TypeScript/4.1/node_modules/@types/doctrine/index.d.ts'
[12:21:10.204] Adding entry into typings cache: 'domhandler' => 'C:/Users/evert/AppData/Local/Microsoft/TypeScript/4.1/node_modules/@types/domhandler/index.d.ts'
[12:21:10.205] Adding entry into typings cache: 'domutils' => 'C:/Users/evert/AppData/Local/Microsoft/TypeScript/4.1/node_modules/@types/domutils/index.d.ts'
[12:21:10.207] Adding entry into typings cache: 'duplexer3' => 'C:/Users/evert/AppData/Local/Microsoft/TypeScript/4.1/node_modules/@types/duplexer3/index.d.ts'
[12:21:10.209] Adding entry into typings cache: 'duplexify' => 'C:/Users/evert/AppData/Local/Microsoft/TypeScript/4.1/node_modules/@types/duplexify/index.d.ts'
[12:21:10.211] Adding entry into typings cache: 'ee-first' => 'C:/Users/evert/AppData/Local/Microsoft/TypeScript/4.1/node_modules/@types/ee-first/index.d.ts'
[12:21:10.213] Adding entry into typings cache: 'ejs' => 'C:/Users/evert/AppData/Local/Microsoft/TypeScript/4.1/node_modules/@types/ejs/index.d.ts'
[12:21:10.215] Adding entry into typings cache: 'elliptic' => 'C:/Users/evert/AppData/Local/Microsoft/TypeScript/4.1/node_modules/@types/elliptic/index.d.ts'
[12:21:10.217] Adding entry into typings cache: 'encodeurl' => 'C:/Users/evert/AppData/Local/Microsoft/TypeScript/4.1/node_modules/@types/encodeurl/index.d.ts'
[12:21:10.219] Adding entry into typings cache: 'end-of-stream' => 'C:/Users/evert/AppData/Local/Microsoft/TypeScript/4.1/node_modules/@types/end-of-stream/index.d.ts'
[12:21:10.221] Adding entry into typings cache: 'enhanced-resolve' => 'C:/Users/evert/AppData/Local/Microsoft/TypeScript/4.1/node_modules/enhanced-resolve/types.d.ts'
[12:21:10.224] Adding entry into typings cache: 'es-abstract' => 'C:/Users/evert/AppData/Local/Microsoft/TypeScript/4.1/node_modules/@types/es-abstract/index.d.ts'
[12:21:10.226] Adding entry into typings cache: 'es-to-primitive' => 'C:/Users/evert/AppData/Local/Microsoft/TypeScript/4.1/node_modules/@types/es-to-primitive/index.d.ts'
[12:21:10.229] Adding entry into typings cache: 'escape-html' => 'C:/Users/evert/AppData/Local/Microsoft/TypeScript/4.1/node_modules/@types/escape-html/index.d.ts'
[12:21:10.232] Adding entry into typings cache: 'eslint' => 'C:/Users/evert/AppData/Local/Microsoft/TypeScript/4.1/node_modules/@types/eslint/index.d.ts'
[12:21:10.233] Adding entry into typings cache: 'eslint-config-prettier' => 'C:/Users/evert/AppData/Local/Microsoft/TypeScript/4.1/node_modules/@types/eslint-config-prettier/index.d.ts'
[12:21:10.235] Adding entry into typings cache: 'eslint-plugin-prettier' => 'C:/Users/evert/AppData/Local/Microsoft/TypeScript/4.1/node_modules/@types/eslint-plugin-prettier/index.d.ts'
[12:21:10.240] Adding entry into typings cache: 'eslint-scope' => 'C:/Users/evert/AppData/Local/Microsoft/TypeScript/4.1/node_modules/@types/eslint-scope/index.d.ts'
[12:21:10.242] Adding entry into typings cache: 'eslint-visitor-keys' => 'C:/Users/evert/AppData/Local/Microsoft/TypeScript/4.1/node_modules/@types/eslint-visitor-keys/index.d.ts'
[12:21:10.243] Adding entry into typings cache: 'esprima' => 'C:/Users/evert/AppData/Local/Microsoft/TypeScript/4.1/node_modules/@types/esprima/index.d.ts'
[12:21:10.246] Adding entry into typings cache: 'esquery' => 'C:/Users/evert/AppData/Local/Microsoft/TypeScript/4.1/node_modules/@types/esquery/index.d.ts'
[12:21:10.251] Adding entry into typings cache: 'estraverse' => 'C:/Users/evert/AppData/Local/Microsoft/TypeScript/4.1/node_modules/@types/estraverse/index.d.ts'
[12:21:10.253] Adding entry into typings cache: 'etag' => 'C:/Users/evert/AppData/Local/Microsoft/TypeScript/4.1/node_modules/@types/etag/index.d.ts'
[12:21:10.259] Adding entry into typings cache: 'events' => 'C:/Users/evert/AppData/Local/Microsoft/TypeScript/4.1/node_modules/@types/events/index.d.ts'
[12:21:10.263] Adding entry into typings cache: 'eventsource' => 'C:/Users/evert/AppData/Local/Microsoft/TypeScript/4.1/node_modules/@types/eventsource/index.d.ts'
[12:21:10.266] Adding entry into typings cache: 'express' => 'C:/Users/evert/AppData/Local/Microsoft/TypeScript/4.1/node_modules/@types/express/index.d.ts'
[12:21:10.269] Adding entry into typings cache: 'extend' => 'C:/Users/evert/AppData/Local/Microsoft/TypeScript/4.1/node_modules/@types/extend/index.d.ts'
[12:21:10.272] Adding entry into typings cache: 'extsprintf' => 'C:/Users/evert/AppData/Local/Microsoft/TypeScript/4.1/node_modules/@types/extsprintf/index.d.ts'
[12:21:10.273] Adding entry into typings cache: 'fast-levenshtein' => 'C:/Users/evert/AppData/Local/Microsoft/TypeScript/4.1/node_modules/@types/fast-levenshtein/index.d.ts'
[12:21:10.275] Adding entry into typings cache: 'file-entry-cache' => 'C:/Users/evert/AppData/Local/Microsoft/TypeScript/4.1/node_modules/@types/file-entry-cache/index.d.ts'
[12:21:10.277] Adding entry into typings cache: 'file-loader' => 'C:/Users/evert/AppData/Local/Microsoft/TypeScript/4.1/node_modules/@types/file-loader/index.d.ts'
[12:21:10.280] Adding entry into typings cache: 'finalhandler' => 'C:/Users/evert/AppData/Local/Microsoft/TypeScript/4.1/node_modules/@types/finalhandler/index.d.ts'
[12:21:10.282] Adding entry into typings cache: 'find-cache-dir' => 'C:/Users/evert/AppData/Local/Microsoft/TypeScript/4.1/node_modules/@types/find-cache-dir/index.d.ts'
[12:21:10.284] Adding entry into typings cache: 'flat-cache' => 'C:/Users/evert/AppData/Local/Microsoft/TypeScript/4.1/node_modules/@types/flat-cache/index.d.ts'
[12:21:10.286] Adding entry into typings cache: 'flush-write-stream' => 'C:/Users/evert/AppData/Local/Microsoft/TypeScript/4.1/node_modules/@types/flush-write-stream/index.d.ts'
[12:21:10.288] Adding entry into typings cache: 'follow-redirects' => 'C:/Users/evert/AppData/Local/Microsoft/TypeScript/4.1/node_modules/@types/follow-redirects/index.d.ts'
[12:21:10.289] Adding entry into typings cache: 'forever-agent' => 'C:/Users/evert/AppData/Local/Microsoft/TypeScript/4.1/node_modules/@types/forever-agent/index.d.ts'
[12:21:10.291] Adding entry into typings cache: 'forwarded' => 'C:/Users/evert/AppData/Local/Microsoft/TypeScript/4.1/node_modules/@types/forwarded/index.d.ts'
[12:21:10.293] Adding entry into typings cache: 'fresh' => 'C:/Users/evert/AppData/Local/Microsoft/TypeScript/4.1/node_modules/@types/fresh/index.d.ts'
[12:21:10.295] Adding entry into typings cache: 'from2' => 'C:/Users/evert/AppData/Local/Microsoft/TypeScript/4.1/node_modules/@types/from2/index.d.ts'
[12:21:10.299] Adding entry into typings cache: 'fs-extra' => 'C:/Users/evert/AppData/Local/Microsoft/TypeScript/4.1/node_modules/@types/fs-extra/index.d.ts'
[12:21:10.301] Adding entry into typings cache: 'function-bind' => 'C:/Users/evert/AppData/Local/Microsoft/TypeScript/4.1/node_modules/@types/function-bind/index.d.ts'
[12:21:10.303] Adding entry into typings cache: 'get-caller-file' => 'C:/Users/evert/AppData/Local/Microsoft/TypeScript/4.1/node_modules/@types/get-caller-file/index.d.ts'
[12:21:10.306] Adding entry into typings cache: 'get-value' => 'C:/Users/evert/AppData/Local/Microsoft/TypeScript/4.1/node_modules/@types/get-value/index.d.ts'
[12:21:10.309] Adding entry into typings cache: 'getpass' => 'C:/Users/evert/AppData/Local/Microsoft/TypeScript/4.1/node_modules/@types/getpass/index.d.ts'
[12:21:10.310] Adding entry into typings cache: 'glob' => 'C:/Users/evert/AppData/Local/Microsoft/TypeScript/4.1/node_modules/@types/glob/index.d.ts'
[12:21:10.314] Adding entry into typings cache: 'glob-parent' => 'C:/Users/evert/AppData/Local/Microsoft/TypeScript/4.1/node_modules/@types/glob-parent/index.d.ts'
[12:21:10.317] Adding entry into typings cache: 'glob-to-regexp' => 'C:/Users/evert/AppData/Local/Microsoft/TypeScript/4.1/node_modules/@types/glob-to-regexp/index.d.ts'
[12:21:10.319] Adding entry into typings cache: 'got' => 'C:/Users/evert/AppData/Local/Microsoft/TypeScript/4.1/node_modules/@types/got/index.d.ts'
[12:21:10.325] Adding entry into typings cache: 'graceful-fs' => 'C:/Users/evert/AppData/Local/Microsoft/TypeScript/4.1/node_modules/@types/graceful-fs/index.d.ts'
[12:21:10.327] Adding entry into typings cache: 'has' => 'C:/Users/evert/AppData/Local/Microsoft/TypeScript/4.1/node_modules/@types/has/index.d.ts'
[12:21:10.329] Adding entry into typings cache: 'has-ansi' => 'C:/Users/evert/AppData/Local/Microsoft/TypeScript/4.1/node_modules/@types/has-ansi/index.d.ts'
[12:21:10.331] Adding entry into typings cache: 'has-symbols' => 'C:/Users/evert/AppData/Local/Microsoft/TypeScript/4.1/node_modules/@types/has-symbols/index.d.ts'
[12:21:10.333] Adding entry into typings cache: 'hash-sum' => 'C:/Users/evert/AppData/Local/Microsoft/TypeScript/4.1/node_modules/@types/hash-sum/index.d.ts'
[12:21:10.334] Adding entry into typings cache: 'he' => 'C:/Users/evert/AppData/Local/Microsoft/TypeScript/4.1/node_modules/@types/he/index.d.ts'
[12:21:10.336] Adding entry into typings cache: 'hex-color-regex' => 'C:/Users/evert/AppData/Local/Microsoft/TypeScript/4.1/node_modules/@types/hex-color-regex/index.d.ts'
[12:21:10.338] Adding entry into typings cache: 'hosted-git-info' => 'C:/Users/evert/AppData/Local/Microsoft/TypeScript/4.1/node_modules/@types/hosted-git-info/index.d.ts'
[12:21:10.340] Adding entry into typings cache: 'html-minifier' => 'C:/Users/evert/AppData/Local/Microsoft/TypeScript/4.1/node_modules/@types/html-minifier/index.d.ts'
[12:21:10.342] Adding entry into typings cache: 'html-webpack-plugin' => 'C:/Users/evert/AppData/Local/Microsoft/TypeScript/4.1/node_modules/@types/html-webpack-plugin/index.d.ts'
[12:21:10.344] Adding entry into typings cache: 'htmlparser2' => 'C:/Users/evert/AppData/Local/Microsoft/TypeScript/4.1/node_modules/@types/htmlparser2/index.d.ts'
[12:21:10.346] Adding entry into typings cache: 'http-cache-semantics' => 'C:/Users/evert/AppData/Local/Microsoft/TypeScript/4.1/node_modules/@types/http-cache-semantics/index.d.ts'
[12:21:10.348] Adding entry into typings cache: 'http-errors' => 'C:/Users/evert/AppData/Local/Microsoft/TypeScript/4.1/node_modules/@types/http-errors/index.d.ts'
[12:21:10.350] Adding entry into typings cache: 'http-proxy' => 'C:/Users/evert/AppData/Local/Microsoft/TypeScript/4.1/node_modules/@types/http-proxy/index.d.ts'
[12:21:10.354] Adding entry into typings cache: 'http-proxy-middleware' => 'C:/Users/evert/AppData/Local/Microsoft/TypeScript/4.1/node_modules/@types/http-proxy-middleware/index.d.ts'
[12:21:10.357] Adding entry into typings cache: 'icss-utils' => 'C:/Users/evert/AppData/Local/Microsoft/TypeScript/4.1/node_modules/@types/icss-utils/index.d.ts'
[12:21:10.359] Adding entry into typings cache: 'iferr' => 'C:/Users/evert/AppData/Local/Microsoft/TypeScript/4.1/node_modules/@types/iferr/index.d.ts'
[12:21:10.362] Adding entry into typings cache: 'imurmurhash' => 'C:/Users/evert/AppData/Local/Microsoft/TypeScript/4.1/node_modules/@types/imurmurhash/index.d.ts'
[12:21:10.366] Adding entry into typings cache: 'inherits' => 'C:/Users/evert/AppData/Local/Microsoft/TypeScript/4.1/node_modules/@types/inherits/index.d.ts'
[12:21:10.369] Adding entry into typings cache: 'inquirer' => 'C:/Users/evert/AppData/Local/Microsoft/TypeScript/4.1/node_modules/@types/inquirer/index.d.ts'
[12:21:10.372] Adding entry into typings cache: 'invariant' => 'C:/Users/evert/AppData/Local/Microsoft/TypeScript/4.1/node_modules/@types/invariant/index.d.ts'
[12:21:10.374] Adding entry into typings cache: 'ip' => 'C:/Users/evert/AppData/Local/Microsoft/TypeScript/4.1/node_modules/@types/ip/index.d.ts'
[12:21:10.376] Adding entry into typings cache: 'is-arguments' => 'C:/Users/evert/AppData/Local/Microsoft/TypeScript/4.1/node_modules/@types/is-arguments/index.d.ts'
[12:21:10.380] Adding entry into typings cache: 'is-buffer' => 'C:/Users/evert/AppData/Local/Microsoft/TypeScript/4.1/node_modules/@types/is-buffer/index.d.ts'
[12:21:10.382] Adding entry into typings cache: 'is-callable' => 'C:/Users/evert/AppData/Local/Microsoft/TypeScript/4.1/node_modules/@types/is-callable/index.d.ts'
[12:21:10.385] Adding entry into typings cache: 'is-ci' => 'C:/Users/evert/AppData/Local/Microsoft/TypeScript/4.1/node_modules/@types/is-ci/index.d.ts'
[12:21:10.386] Adding entry into typings cache: 'is-core-module' => 'C:/Users/evert/AppData/Local/Microsoft/TypeScript/4.1/node_modules/@types/is-core-module/index.d.ts'
[12:21:10.388] Adding entry into typings cache: 'is-date-object' => 'C:/Users/evert/AppData/Local/Microsoft/TypeScript/4.1/node_modules/@types/is-date-object/index.d.ts'
[12:21:10.395] Adding entry into typings cache: 'is-glob' => 'C:/Users/evert/AppData/Local/Microsoft/TypeScript/4.1/node_modules/@types/is-glob/index.d.ts'
[12:21:10.400] Adding entry into typings cache: 'is-number' => 'C:/Users/evert/AppData/Local/Microsoft/TypeScript/4.1/node_modules/@types/is-number/index.d.ts'
[12:21:10.402] Adding entry into typings cache: 'is-object' => 'C:/Users/evert/AppData/Local/Microsoft/TypeScript/4.1/node_modules/@types/is-object/index.d.ts'
[12:21:10.404] Adding entry into typings cache: 'is-regex' => 'C:/Users/evert/AppData/Local/Microsoft/TypeScript/4.1/node_modules/@types/is-regex/index.d.ts'
[12:21:10.406] Adding entry into typings cache: 'is-typedarray' => 'C:/Users/evert/AppData/Local/Microsoft/TypeScript/4.1/node_modules/@types/is-typedarray/index.d.ts'
[12:21:10.409] Adding entry into typings cache: 'is-windows' => 'C:/Users/evert/AppData/Local/Microsoft/TypeScript/4.1/node_modules/@types/is-windows/index.d.ts'
[12:21:10.412] Adding entry into typings cache: 'isarray' => 'C:/Users/evert/AppData/Local/Microsoft/TypeScript/4.1/node_modules/@types/isarray/index.d.ts'
[12:21:10.413] Adding entry into typings cache: 'isexe' => 'C:/Users/evert/AppData/Local/Microsoft/TypeScript/4.1/node_modules/@types/isexe/index.d.ts'
[12:21:10.415] Adding entry into typings cache: 'isstream' => 'C:/Users/evert/AppData/Local/Microsoft/TypeScript/4.1/node_modules/@types/isstream/index.d.ts'
[12:21:10.417] Adding entry into typings cache: 'js-yaml' => 'C:/Users/evert/AppData/Local/Microsoft/TypeScript/4.1/node_modules/@types/js-yaml/index.d.ts'
[12:21:10.421] Adding entry into typings cache: 'jsbn' => 'C:/Users/evert/AppData/Local/Microsoft/TypeScript/4.1/node_modules/@types/jsbn/index.d.ts'
[12:21:10.424] Adding entry into typings cache: 'jsesc' => 'C:/Users/evert/AppData/Local/Microsoft/TypeScript/4.1/node_modules/@types/jsesc/index.d.ts'
[12:21:10.427] Adding entry into typings cache: 'json-buffer' => 'C:/Users/evert/AppData/Local/Microsoft/TypeScript/4.1/node_modules/@types/json-buffer/index.d.ts'
[12:21:10.433] Adding entry into typings cache: 'json-parse-better-errors' => 'C:/Users/evert/AppData/Local/Microsoft/TypeScript/4.1/node_modules/@types/json-parse-better-errors/index.d.ts'
[12:21:10.436] Adding entry into typings cache: 'json-schema' => 'C:/Users/evert/AppData/Local/Microsoft/TypeScript/4.1/node_modules/@types/json-schema/index.d.ts'
[12:21:10.440] Adding entry into typings cache: 'json-schema-traverse' => 'C:/Users/evert/AppData/Local/Microsoft/TypeScript/4.1/node_modules/@types/json-schema-traverse/index.d.ts'
[12:21:10.443] Adding entry into typings cache: 'json-stringify-safe' => 'C:/Users/evert/AppData/Local/Microsoft/TypeScript/4.1/node_modules/@types/json-stringify-safe/index.d.ts'
[12:21:10.445] Adding entry into typings cache: 'json3' => 'C:/Users/evert/AppData/Local/Microsoft/TypeScript/4.1/node_modules/@types/json3/index.d.ts'
[12:21:10.447] Adding entry into typings cache: 'json5' => 'C:/Users/evert/AppData/Local/Microsoft/TypeScript/4.1/node_modules/@types/json5/index.d.ts'
[12:21:10.448] Adding entry into typings cache: 'jsonfile' => 'C:/Users/evert/AppData/Local/Microsoft/TypeScript/4.1/node_modules/@types/jsonfile/index.d.ts'
[12:21:10.450] Adding entry into typings cache: 'keyv' => 'C:/Users/evert/AppData/Local/Microsoft/TypeScript/4.1/node_modules/@types/keyv/index.d.ts'
[12:21:10.453] Adding entry into typings cache: 'kind-of' => 'C:/Users/evert/AppData/Local/Microsoft/TypeScript/4.1/node_modules/@types/kind-of/index.d.ts'
[12:21:10.456] Adding entry into typings cache: 'loader-runner' => 'C:/Users/evert/AppData/Local/Microsoft/TypeScript/4.1/node_modules/@types/loader-runner/index.d.ts'
[12:21:10.458] Adding entry into typings cache: 'loader-utils' => 'C:/Users/evert/AppData/Local/Microsoft/TypeScript/4.1/node_modules/@types/loader-utils/index.d.ts'
[12:21:10.459] Adding entry into typings cache: 'lodash' => 'C:/Users/evert/AppData/Local/Microsoft/TypeScript/4.1/node_modules/@types/lodash/index.d.ts'
[12:21:10.461] Adding entry into typings cache: 'lodash.defaultsdeep' => 'C:/Users/evert/AppData/Local/Microsoft/TypeScript/4.1/node_modules/@types/lodash.defaultsdeep/index.d.ts'
[12:21:10.464] Adding entry into typings cache: 'lodash.kebabcase' => 'C:/Users/evert/AppData/Local/Microsoft/TypeScript/4.1/node_modules/@types/lodash.kebabcase/index.d.ts'
[12:21:10.465] Adding entry into typings cache: 'lodash.mapvalues' => 'C:/Users/evert/AppData/Local/Microsoft/TypeScript/4.1/node_modules/@types/lodash.mapvalues/index.d.ts'
[12:21:10.468] Adding entry into typings cache: 'lodash.memoize' => 'C:/Users/evert/AppData/Local/Microsoft/TypeScript/4.1/node_modules/@types/lodash.memoize/index.d.ts'
[12:21:10.471] Adding entry into typings cache: 'lodash.transform' => 'C:/Users/evert/AppData/Local/Microsoft/TypeScript/4.1/node_modules/@types/lodash.transform/index.d.ts'
[12:21:10.474] Adding entry into typings cache: 'lodash.uniq' => 'C:/Users/evert/AppData/Local/Microsoft/TypeScript/4.1/node_modules/@types/lodash.uniq/index.d.ts'
[12:21:10.478] Adding entry into typings cache: 'lru-cache' => 'C:/Users/evert/AppData/Local/Microsoft/TypeScript/4.1/node_modules/@types/lru-cache/index.d.ts'
[12:21:10.480] Adding entry into typings cache: 'media-typer' => 'C:/Users/evert/AppData/Local/Microsoft/TypeScript/4.1/node_modules/@types/media-typer/index.d.ts'
[12:21:10.483] Adding entry into typings cache: 'memory-fs' => 'C:/Users/evert/AppData/Local/Microsoft/TypeScript/4.1/node_modules/@types/memory-fs/index.d.ts'
[12:21:10.484] Adding entry into typings cache: 'merge-descriptors' => 'C:/Users/evert/AppData/Local/Microsoft/TypeScript/4.1/node_modules/@types/merge-descriptors/index.d.ts'
[12:21:10.486] Adding entry into typings cache: 'merge-stream' => 'C:/Users/evert/AppData/Local/Microsoft/TypeScript/4.1/node_modules/@types/merge-stream/index.d.ts'
[12:21:10.488] Adding entry into typings cache: 'merge2' => 'C:/Users/evert/AppData/Local/Microsoft/TypeScript/4.1/node_modules/@types/merge2/index.d.ts'
[12:21:10.490] Adding entry into typings cache: 'methods' => 'C:/Users/evert/AppData/Local/Microsoft/TypeScript/4.1/node_modules/@types/methods/index.d.ts'
[12:21:10.492] Adding entry into typings cache: 'micromatch' => 'C:/Users/evert/AppData/Local/Microsoft/TypeScript/4.1/node_modules/@types/micromatch/index.d.ts'
[12:21:10.494] Adding entry into typings cache: 'mime' => 'C:/Users/evert/AppData/Local/Microsoft/TypeScript/4.1/node_modules/@types/mime/index.d.ts'
[12:21:10.496] Adding entry into typings cache: 'mime-db' => 'C:/Users/evert/AppData/Local/Microsoft/TypeScript/4.1/node_modules/@types/mime-db/index.d.ts'
[12:21:10.498] Adding entry into typings cache: 'mime-types' => 'C:/Users/evert/AppData/Local/Microsoft/TypeScript/4.1/node_modules/@types/mime-types/index.d.ts'
[12:21:10.500] Adding entry into typings cache: 'mini-css-extract-plugin' => 'C:/Users/evert/AppData/Local/Microsoft/TypeScript/4.1/node_modules/@types/mini-css-extract-plugin/index.d.ts'
[12:21:10.501] Adding entry into typings cache: 'minimalistic-assert' => 'C:/Users/evert/AppData/Local/Microsoft/TypeScript/4.1/node_modules/@types/minimalistic-assert/index.d.ts'
[12:21:10.503] Adding entry into typings cache: 'minimatch' => 'C:/Users/evert/AppData/Local/Microsoft/TypeScript/4.1/node_modules/@types/minimatch/index.d.ts'
[12:21:10.504] Adding entry into typings cache: 'minimist' => 'C:/Users/evert/AppData/Local/Microsoft/TypeScript/4.1/node_modules/@types/minimist/index.d.ts'
[12:21:10.506] Adding entry into typings cache: 'minipass' => 'C:/Users/evert/AppData/Local/Microsoft/TypeScript/4.1/node_modules/@types/minipass/index.d.ts'
[12:21:10.507] Adding entry into typings cache: 'mkdirp' => 'C:/Users/evert/AppData/Local/Microsoft/TypeScript/4.1/node_modules/@types/mkdirp/index.d.ts'
[12:21:10.509] Adding entry into typings cache: 'move-concurrently' => 'C:/Users/evert/AppData/Local/Microsoft/TypeScript/4.1/node_modules/@types/move-concurrently/index.d.ts'
[12:21:10.512] Adding entry into typings cache: 'ms' => 'C:/Users/evert/AppData/Local/Microsoft/TypeScript/4.1/node_modules/@types/ms/index.d.ts'
[12:21:10.514] Adding entry into typings cache: 'mute-stream' => 'C:/Users/evert/AppData/Local/Microsoft/TypeScript/4.1/node_modules/@types/mute-stream/index.d.ts'
[12:21:10.515] Adding entry into typings cache: 'mz' => 'C:/Users/evert/AppData/Local/Microsoft/TypeScript/4.1/node_modules/@types/mz/index.d.ts'
[12:21:10.517] Adding entry into typings cache: 'natural-compare' => 'C:/Users/evert/AppData/Local/Microsoft/TypeScript/4.1/node_modules/@types/natural-compare/index.d.ts'
[12:21:10.519] Adding entry into typings cache: 'negotiator' => 'C:/Users/evert/AppData/Local/Microsoft/TypeScript/4.1/node_modules/@types/negotiator/index.d.ts'
[12:21:10.520] Adding entry into typings cache: 'nice-try' => 'C:/Users/evert/AppData/Local/Microsoft/TypeScript/4.1/node_modules/@types/nice-try/index.d.ts'
[12:21:10.522] Adding entry into typings cache: 'node-fetch' => 'C:/Users/evert/AppData/Local/Microsoft/TypeScript/4.1/node_modules/@types/node-fetch/index.d.ts'
[12:21:10.524] Adding entry into typings cache: 'node-forge' => 'C:/Users/evert/AppData/Local/Microsoft/TypeScript/4.1/node_modules/@types/node-forge/index.d.ts'
[12:21:10.525] Adding entry into typings cache: 'node-ipc' => 'C:/Users/evert/AppData/Local/Microsoft/TypeScript/4.1/node_modules/@types/node-ipc/index.d.ts'
[12:21:10.527] Adding entry into typings cache: 'normalize-package-data' => 'C:/Users/evert/AppData/Local/Microsoft/TypeScript/4.1/node_modules/@types/normalize-package-data/index.d.ts'
[12:21:10.530] Adding entry into typings cache: 'normalize-path' => 'C:/Users/evert/AppData/Local/Microsoft/TypeScript/4.1/node_modules/@types/normalize-path/index.d.ts'
[12:21:10.532] Adding entry into typings cache: 'num2fraction' => 'C:/Users/evert/AppData/Local/Microsoft/TypeScript/4.1/node_modules/@types/num2fraction/index.d.ts'
[12:21:10.534] Adding entry into typings cache: 'object-assign' => 'C:/Users/evert/AppData/Local/Microsoft/TypeScript/4.1/node_modules/@types/object-assign/index.d.ts'
[12:21:10.537] Adding entry into typings cache: 'object-hash' => 'C:/Users/evert/AppData/Local/Microsoft/TypeScript/4.1/node_modules/@types/object-hash/index.d.ts'
[12:21:10.539] Adding entry into typings cache: 'object-inspect' => 'C:/Users/evert/AppData/Local/Microsoft/TypeScript/4.1/node_modules/@types/object-inspect/index.d.ts'
[12:21:10.540] Adding entry into typings cache: 'object-keys' => 'C:/Users/evert/AppData/Local/Microsoft/TypeScript/4.1/node_modules/@types/object-keys/index.d.ts'
[12:21:10.542] Adding entry into typings cache: 'object.getownpropertydescriptors' => 'C:/Users/evert/AppData/Local/Microsoft/TypeScript/4.1/node_modules/@types/object.getownpropertydescriptors/index.d.ts'
[12:21:10.544] Adding entry into typings cache: 'object.pick' => 'C:/Users/evert/AppData/Local/Microsoft/TypeScript/4.1/node_modules/@types/object.pick/index.d.ts'
[12:21:10.546] Adding entry into typings cache: 'on-finished' => 'C:/Users/evert/AppData/Local/Microsoft/TypeScript/4.1/node_modules/@types/on-finished/index.d.ts'
[12:21:10.549] Adding entry into typings cache: 'on-headers' => 'C:/Users/evert/AppData/Local/Microsoft/TypeScript/4.1/node_modules/@types/on-headers/index.d.ts'
[12:21:10.550] Adding entry into typings cache: 'once' => 'C:/Users/evert/AppData/Local/Microsoft/TypeScript/4.1/node_modules/@types/once/index.d.ts'
[12:21:10.552] Adding entry into typings cache: 'opener' => 'C:/Users/evert/AppData/Local/Microsoft/TypeScript/4.1/node_modules/@types/opener/index.d.ts'
[12:21:10.554] Adding entry into typings cache: 'original' => 'C:/Users/evert/AppData/Local/Microsoft/TypeScript/4.1/node_modules/@types/original/index.d.ts'
[12:21:10.555] Adding entry into typings cache: 'os-tmpdir' => 'C:/Users/evert/AppData/Local/Microsoft/TypeScript/4.1/node_modules/@types/os-tmpdir/index.d.ts'
[12:21:10.558] Adding entry into typings cache: 'pako' => 'C:/Users/evert/AppData/Local/Microsoft/TypeScript/4.1/node_modules/@types/pako/index.d.ts'
[12:21:10.559] Adding entry into typings cache: 'parallel-transform' => 'C:/Users/evert/AppData/Local/Microsoft/TypeScript/4.1/node_modules/@types/parallel-transform/index.d.ts'
[12:21:10.561] Adding entry into typings cache: 'parse-json' => 'C:/Users/evert/AppData/Local/Microsoft/TypeScript/4.1/node_modules/@types/parse-json/index.d.ts'
[12:21:10.563] Adding entry into typings cache: 'parse5' => 'C:/Users/evert/AppData/Local/Microsoft/TypeScript/4.1/node_modules/@types/parse5/index.d.ts'
[12:21:10.565] Adding entry into typings cache: 'parse5-htmlparser2-tree-adapter' => 'C:/Users/evert/AppData/Local/Microsoft/TypeScript/4.1/node_modules/@types/parse5-htmlparser2-tree-adapter/index.d.ts'
[12:21:10.567] Adding entry into typings cache: 'parseurl' => 'C:/Users/evert/AppData/Local/Microsoft/TypeScript/4.1/node_modules/@types/parseurl/index.d.ts'
[12:21:10.569] Adding entry into typings cache: 'pascalcase' => 'C:/Users/evert/AppData/Local/Microsoft/TypeScript/4.1/node_modules/@types/pascalcase/index.d.ts'
[12:21:10.571] Adding entry into typings cache: 'path-is-absolute' => 'C:/Users/evert/AppData/Local/Microsoft/TypeScript/4.1/node_modules/@types/path-is-absolute/index.d.ts'
[12:21:10.572] Adding entry into typings cache: 'path-is-inside' => 'C:/Users/evert/AppData/Local/Microsoft/TypeScript/4.1/node_modules/@types/path-is-inside/index.d.ts'
[12:21:10.574] Adding entry into typings cache: 'path-parse' => 'C:/Users/evert/AppData/Local/Microsoft/TypeScript/4.1/node_modules/@types/path-parse/index.d.ts'
[12:21:10.576] Adding entry into typings cache: 'pbkdf2' => 'C:/Users/evert/AppData/Local/Microsoft/TypeScript/4.1/node_modules/@types/pbkdf2/index.d.ts'
[12:21:10.578] Adding entry into typings cache: 'picomatch' => 'C:/Users/evert/AppData/Local/Microsoft/TypeScript/4.1/node_modules/@types/picomatch/index.d.ts'
[12:21:10.579] Adding entry into typings cache: 'pify' => 'C:/Users/evert/AppData/Local/Microsoft/TypeScript/4.1/node_modules/@types/pify/index.d.ts'
[12:21:10.582] Adding entry into typings cache: 'postcss-calc' => 'C:/Users/evert/AppData/Local/Microsoft/TypeScript/4.1/node_modules/@types/postcss-calc/index.d.ts'
[12:21:10.585] Adding entry into typings cache: 'postcss-load-config' => 'C:/Users/evert/AppData/Local/Microsoft/TypeScript/4.1/node_modules/@types/postcss-load-config/index.d.ts'
[12:21:10.587] Adding entry into typings cache: 'postcss-modules-extract-imports' => 'C:/Users/evert/AppData/Local/Microsoft/TypeScript/4.1/node_modules/@types/postcss-modules-extract-imports/index.d.ts'
[12:21:10.590] Adding entry into typings cache: 'postcss-modules-local-by-default' => 'C:/Users/evert/AppData/Local/Microsoft/TypeScript/4.1/node_modules/@types/postcss-modules-local-by-default/index.d.ts'
[12:21:10.591] Adding entry into typings cache: 'postcss-modules-scope' => 'C:/Users/evert/AppData/Local/Microsoft/TypeScript/4.1/node_modules/@types/postcss-modules-scope/index.d.ts'
[12:21:10.593] Adding entry into typings cache: 'postcss-modules-values' => 'C:/Users/evert/AppData/Local/Microsoft/TypeScript/4.1/node_modules/@types/postcss-modules-values/index.d.ts'
[12:21:10.595] Adding entry into typings cache: 'prelude-ls' => 'C:/Users/evert/AppData/Local/Microsoft/TypeScript/4.1/node_modules/@types/prelude-ls/index.d.ts'
[12:21:10.596] Adding entry into typings cache: 'prettier' => 'C:/Users/evert/AppData/Local/Microsoft/TypeScript/4.1/node_modules/@types/prettier/index.d.ts'
[12:21:10.598] Adding entry into typings cache: 'prettier-linter-helpers' => 'C:/Users/evert/AppData/Local/Microsoft/TypeScript/4.1/node_modules/@types/prettier-linter-helpers/index.d.ts'
[12:21:10.600] Adding entry into typings cache: 'progress' => 'C:/Users/evert/AppData/Local/Microsoft/TypeScript/4.1/node_modules/@types/progress/index.d.ts'
[12:21:10.601] Adding entry into typings cache: 'promise-inflight' => 'C:/Users/evert/AppData/Local/Microsoft/TypeScript/4.1/node_modules/@types/promise-inflight/index.d.ts'
[12:21:10.603] Adding entry into typings cache: 'proxy-addr' => 'C:/Users/evert/AppData/Local/Microsoft/TypeScript/4.1/node_modules/@types/proxy-addr/index.d.ts'
[12:21:10.605] Adding entry into typings cache: 'psl' => 'C:/Users/evert/AppData/Local/Microsoft/TypeScript/4.1/node_modules/@types/psl/index.d.ts'
[12:21:10.606] Adding entry into typings cache: 'pump' => 'C:/Users/evert/AppData/Local/Microsoft/TypeScript/4.1/node_modules/@types/pump/index.d.ts'
[12:21:10.608] Adding entry into typings cache: 'pumpify' => 'C:/Users/evert/AppData/Local/Microsoft/TypeScript/4.1/node_modules/@types/pumpify/index.d.ts'
[12:21:10.612] Adding entry into typings cache: 'punycode' => 'C:/Users/evert/AppData/Local/Microsoft/TypeScript/4.1/node_modules/@types/punycode/index.d.ts'
[12:21:10.615] Adding entry into typings cache: 'q' => 'C:/Users/evert/AppData/Local/Microsoft/TypeScript/4.1/node_modules/@types/q/index.d.ts'
[12:21:10.617] Adding entry into typings cache: 'qs' => 'C:/Users/evert/AppData/Local/Microsoft/TypeScript/4.1/node_modules/@types/qs/index.d.ts'
[12:21:10.619] Adding entry into typings cache: 'querystringify' => 'C:/Users/evert/AppData/Local/Microsoft/TypeScript/4.1/node_modules/@types/querystringify/index.d.ts'
[12:21:10.622] Adding entry into typings cache: 'randombytes' => 'C:/Users/evert/AppData/Local/Microsoft/TypeScript/4.1/node_modules/@types/randombytes/index.d.ts'
[12:21:10.623] Adding entry into typings cache: 'range-parser' => 'C:/Users/evert/AppData/Local/Microsoft/TypeScript/4.1/node_modules/@types/range-parser/index.d.ts'
[12:21:10.628] Adding entry into typings cache: 'readable-stream' => 'C:/Users/evert/AppData/Local/Microsoft/TypeScript/4.1/node_modules/@types/readable-stream/index.d.ts'
[12:21:10.631] Adding entry into typings cache: 'regenerator-runtime' => 'C:/Users/evert/AppData/Local/Microsoft/TypeScript/4.1/node_modules/@types/regenerator-runtime/index.d.ts'
[12:21:10.633] Adding entry into typings cache: 'relateurl' => 'C:/Users/evert/AppData/Local/Microsoft/TypeScript/4.1/node_modules/@types/relateurl/index.d.ts'
[12:21:10.636] Adding entry into typings cache: 'repeat-element' => 'C:/Users/evert/AppData/Local/Microsoft/TypeScript/4.1/node_modules/@types/repeat-element/index.d.ts'
[12:21:10.639] Adding entry into typings cache: 'repeat-string' => 'C:/Users/evert/AppData/Local/Microsoft/TypeScript/4.1/node_modules/@types/repeat-string/index.d.ts'
[12:21:10.641] Adding entry into typings cache: 'request' => 'C:/Users/evert/AppData/Local/Microsoft/TypeScript/4.1/node_modules/@types/request/index.d.ts'
[12:21:10.642] Adding entry into typings cache: 'require-directory' => 'C:/Users/evert/AppData/Local/Microsoft/TypeScript/4.1/node_modules/@types/require-directory/index.d.ts'
[12:21:10.644] Adding entry into typings cache: 'requires-port' => 'C:/Users/evert/AppData/Local/Microsoft/TypeScript/4.1/node_modules/@types/requires-port/index.d.ts'
[12:21:10.645] Adding entry into typings cache: 'resolve' => 'C:/Users/evert/AppData/Local/Microsoft/TypeScript/4.1/node_modules/@types/resolve/index.d.ts'
[12:21:10.647] Adding entry into typings cache: 'responselike' => 'C:/Users/evert/AppData/Local/Microsoft/TypeScript/4.1/node_modules/@types/responselike/index.d.ts'
[12:21:10.649] Adding entry into typings cache: 'retry' => 'C:/Users/evert/AppData/Local/Microsoft/TypeScript/4.1/node_modules/@types/retry/index.d.ts'
[12:21:10.651] Adding entry into typings cache: 'rimraf' => 'C:/Users/evert/AppData/Local/Microsoft/TypeScript/4.1/node_modules/@types/rimraf/index.d.ts'
[12:21:10.653] Adding entry into typings cache: 'ripemd160' => 'C:/Users/evert/AppData/Local/Microsoft/TypeScript/4.1/node_modules/@types/ripemd160/index.d.ts'
[12:21:10.655] Adding entry into typings cache: 'safe-regex' => 'C:/Users/evert/AppData/Local/Microsoft/TypeScript/4.1/node_modules/@types/safe-regex/index.d.ts'
[12:21:10.657] Adding entry into typings cache: 'safer-buffer' => 'C:/Users/evert/AppData/Local/Microsoft/TypeScript/4.1/node_modules/@types/safer-buffer/index.d.ts'
[12:21:10.658] Adding entry into typings cache: 'sax' => 'C:/Users/evert/AppData/Local/Microsoft/TypeScript/4.1/node_modules/@types/sax/index.d.ts'
[12:21:10.660] Adding entry into typings cache: 'semver' => 'C:/Users/evert/AppData/Local/Microsoft/TypeScript/4.1/node_modules/@types/semver/index.d.ts'
[12:21:10.662] Adding entry into typings cache: 'send' => 'C:/Users/evert/AppData/Local/Microsoft/TypeScript/4.1/node_modules/@types/send/index.d.ts'
[12:21:10.665] Adding entry into typings cache: 'serialize-javascript' => 'C:/Users/evert/AppData/Local/Microsoft/TypeScript/4.1/node_modules/@types/serialize-javascript/index.d.ts'
[12:21:10.667] Adding entry into typings cache: 'serve-index' => 'C:/Users/evert/AppData/Local/Microsoft/TypeScript/4.1/node_modules/@types/serve-index/index.d.ts'
[12:21:10.668] Adding entry into typings cache: 'serve-static' => 'C:/Users/evert/AppData/Local/Microsoft/TypeScript/4.1/node_modules/@types/serve-static/index.d.ts'
[12:21:10.670] Adding entry into typings cache: 'set-value' => 'C:/Users/evert/AppData/Local/Microsoft/TypeScript/4.1/node_modules/@types/set-value/index.d.ts'
[12:21:10.672] Adding entry into typings cache: 'setimmediate' => 'C:/Users/evert/AppData/Local/Microsoft/TypeScript/4.1/node_modules/@types/setimmediate/index.d.ts'
[12:21:10.674] Adding entry into typings cache: 'sha.js' => 'C:/Users/evert/AppData/Local/Microsoft/TypeScript/4.1/node_modules/@types/sha.js/index.d.ts'
[12:21:10.675] Adding entry into typings cache: 'shebang-command' => 'C:/Users/evert/AppData/Local/Microsoft/TypeScript/4.1/node_modules/@types/shebang-command/index.d.ts'
[12:21:10.677] Adding entry into typings cache: 'shell-quote' => 'C:/Users/evert/AppData/Local/Microsoft/TypeScript/4.1/node_modules/@types/shell-quote/index.d.ts'
[12:21:10.679] Adding entry into typings cache: 'signal-exit' => 'C:/Users/evert/AppData/Local/Microsoft/TypeScript/4.1/node_modules/@types/signal-exit/index.d.ts'
[12:21:10.680] Adding entry into typings cache: 'slice-ansi' => 'C:/Users/evert/AppData/Local/Microsoft/TypeScript/4.1/node_modules/@types/slice-ansi/index.d.ts'
[12:21:10.682] Adding entry into typings cache: 'sockjs' => 'C:/Users/evert/AppData/Local/Microsoft/TypeScript/4.1/node_modules/@types/sockjs/index.d.ts'
[12:21:10.683] Adding entry into typings cache: 'sockjs-client' => 'C:/Users/evert/AppData/Local/Microsoft/TypeScript/4.1/node_modules/@types/sockjs-client/index.d.ts'
[12:21:10.686] Adding entry into typings cache: 'source-list-map' => 'C:/Users/evert/AppData/Local/Microsoft/TypeScript/4.1/node_modules/@types/source-list-map/index.d.ts'
[12:21:10.688] Adding entry into typings cache: 'source-map-support' => 'C:/Users/evert/AppData/Local/Microsoft/TypeScript/4.1/node_modules/@types/source-map-support/index.d.ts'
[12:21:10.689] Adding entry into typings cache: 'spdx-correct' => 'C:/Users/evert/AppData/Local/Microsoft/TypeScript/4.1/node_modules/@types/spdx-correct/index.d.ts'
[12:21:10.691] Adding entry into typings cache: 'spdx-expression-parse' => 'C:/Users/evert/AppData/Local/Microsoft/TypeScript/4.1/node_modules/@types/spdx-expression-parse/index.d.ts'
[12:21:10.693] Adding entry into typings cache: 'spdy' => 'C:/Users/evert/AppData/Local/Microsoft/TypeScript/4.1/node_modules/@types/spdy/index.d.ts'
[12:21:10.695] Adding entry into typings cache: 'sprintf' => 'C:/Users/evert/AppData/Local/Microsoft/TypeScript/4.1/node_modules/@types/sprintf/index.d.ts'
[12:21:10.696] Adding entry into typings cache: 'sprintf-js' => 'C:/Users/evert/AppData/Local/Microsoft/TypeScript/4.1/node_modules/@types/sprintf-js/index.d.ts'
[12:21:10.698] Adding entry into typings cache: 'sshpk' => 'C:/Users/evert/AppData/Local/Microsoft/TypeScript/4.1/node_modules/@types/sshpk/index.d.ts'
[12:21:10.700] Adding entry into typings cache: 'ssri' => 'C:/Users/evert/AppData/Local/Microsoft/TypeScript/4.1/node_modules/@types/ssri/index.d.ts'
[12:21:10.702] Adding entry into typings cache: 'statuses' => 'C:/Users/evert/AppData/Local/Microsoft/TypeScript/4.1/node_modules/@types/statuses/index.d.ts'
[12:21:10.704] Adding entry into typings cache: 'stream-each' => 'C:/Users/evert/AppData/Local/Microsoft/TypeScript/4.1/node_modules/@types/stream-each/index.d.ts'
[12:21:10.706] Adding entry into typings cache: 'stream-shift' => 'C:/Users/evert/AppData/Local/Microsoft/TypeScript/4.1/node_modules/@types/stream-shift/index.d.ts'
[12:21:10.707] Adding entry into typings cache: 'strict-uri-encode' => 'C:/Users/evert/AppData/Local/Microsoft/TypeScript/4.1/node_modules/@types/strict-uri-encode/index.d.ts'
[12:21:10.710] Adding entry into typings cache: 'supports-color' => 'C:/Users/evert/AppData/Local/Microsoft/TypeScript/4.1/node_modules/@types/supports-color/index.d.ts'
[12:21:10.711] Adding entry into typings cache: 'svg-tags' => 'C:/Users/evert/AppData/Local/Microsoft/TypeScript/4.1/node_modules/@types/svg-tags/index.d.ts'
[12:21:10.713] Adding entry into typings cache: 'svgo' => 'C:/Users/evert/AppData/Local/Microsoft/TypeScript/4.1/node_modules/@types/svgo/index.d.ts'
[12:21:10.715] Adding entry into typings cache: 'table' => 'C:/Users/evert/AppData/Local/Microsoft/TypeScript/4.1/node_modules/@types/table/index.d.ts'
[12:21:10.717] Adding entry into typings cache: 'tapable' => 'C:/Users/evert/AppData/Local/Microsoft/TypeScript/4.1/node_modules/tapable/tapable.d.ts'
[12:21:10.720] Adding entry into typings cache: 'terser-webpack-plugin' => 'C:/Users/evert/AppData/Local/Microsoft/TypeScript/4.1/node_modules/@types/terser-webpack-plugin/index.d.ts'
[12:21:10.722] Adding entry into typings cache: 'text-table' => 'C:/Users/evert/AppData/Local/Microsoft/TypeScript/4.1/node_modules/@types/text-table/index.d.ts'
[12:21:10.724] Adding entry into typings cache: 'through' => 'C:/Users/evert/AppData/Local/Microsoft/TypeScript/4.1/node_modules/@types/through/index.d.ts'
[12:21:10.726] Adding entry into typings cache: 'through2' => 'C:/Users/evert/AppData/Local/Microsoft/TypeScript/4.1/node_modules/@types/through2/index.d.ts'
[12:21:10.729] Adding entry into typings cache: 'timsort' => 'C:/Users/evert/AppData/Local/Microsoft/TypeScript/4.1/node_modules/@types/timsort/index.d.ts'
[12:21:10.731] Adding entry into typings cache: 'tmp' => 'C:/Users/evert/AppData/Local/Microsoft/TypeScript/4.1/node_modules/@types/tmp/index.d.ts'
[12:21:10.732] Adding entry into typings cache: 'toposort' => 'C:/Users/evert/AppData/Local/Microsoft/TypeScript/4.1/node_modules/@types/toposort/index.d.ts'
[12:21:10.734] Adding entry into typings cache: 'tough-cookie' => 'C:/Users/evert/AppData/Local/Microsoft/TypeScript/4.1/node_modules/@types/tough-cookie/index.d.ts'
[12:21:10.736] Adding entry into typings cache: 'tryer' => 'C:/Users/evert/AppData/Local/Microsoft/TypeScript/4.1/node_modules/@types/tryer/index.d.ts'
[12:21:10.737] Adding entry into typings cache: 'type-check' => 'C:/Users/evert/AppData/Local/Microsoft/TypeScript/4.1/node_modules/@types/type-check/index.d.ts'
[12:21:10.739] Adding entry into typings cache: 'type-is' => 'C:/Users/evert/AppData/Local/Microsoft/TypeScript/4.1/node_modules/@types/type-is/index.d.ts'
[12:21:10.741] Adding entry into typings cache: 'uglify-js' => 'C:/Users/evert/AppData/Local/Microsoft/TypeScript/4.1/node_modules/@types/uglify-js/index.d.ts'
[12:21:10.742] Adding entry into typings cache: 'uniq' => 'C:/Users/evert/AppData/Local/Microsoft/TypeScript/4.1/node_modules/@types/uniq/index.d.ts'
[12:21:10.744] Adding entry into typings cache: 'universalify' => 'C:/Users/evert/AppData/Local/Microsoft/TypeScript/4.1/node_modules/@types/universalify/index.d.ts'
[12:21:10.746] Adding entry into typings cache: 'urix' => 'C:/Users/evert/AppData/Local/Microsoft/TypeScript/4.1/node_modules/@types/urix/index.d.ts'
[12:21:10.748] Adding entry into typings cache: 'url-parse' => 'C:/Users/evert/AppData/Local/Microsoft/TypeScript/4.1/node_modules/@types/url-parse/index.d.ts'
[12:21:10.751] Adding entry into typings cache: 'util-deprecate' => 'C:/Users/evert/AppData/Local/Microsoft/TypeScript/4.1/node_modules/@types/util-deprecate/index.d.ts'
[12:21:10.752] Adding entry into typings cache: 'util.promisify' => 'C:/Users/evert/AppData/Local/Microsoft/TypeScript/4.1/node_modules/@types/util.promisify/index.d.ts'
[12:21:10.754] Adding entry into typings cache: 'utils-merge' => 'C:/Users/evert/AppData/Local/Microsoft/TypeScript/4.1/node_modules/@types/utils-merge/index.d.ts'
[12:21:10.756] Adding entry into typings cache: 'uuid' => 'C:/Users/evert/AppData/Local/Microsoft/TypeScript/4.1/node_modules/@types/uuid/index.d.ts'
[12:21:10.757] Adding entry into typings cache: 'validate-npm-package-license' => 'C:/Users/evert/AppData/Local/Microsoft/TypeScript/4.1/node_modules/@types/validate-npm-package-license/index.d.ts'
[12:21:10.758] Adding entry into typings cache: 'vary' => 'C:/Users/evert/AppData/Local/Microsoft/TypeScript/4.1/node_modules/@types/vary/index.d.ts'
[12:21:10.760] Adding entry into typings cache: 'verror' => 'C:/Users/evert/AppData/Local/Microsoft/TypeScript/4.1/node_modules/@types/verror/index.d.ts'
[12:21:10.763] Adding entry into typings cache: 'watchpack' => 'C:/Users/evert/AppData/Local/Microsoft/TypeScript/4.1/node_modules/@types/watchpack/index.d.ts'
[12:21:10.764] Adding entry into typings cache: 'wcwidth' => 'C:/Users/evert/AppData/Local/Microsoft/TypeScript/4.1/node_modules/@types/wcwidth/index.d.ts'
[12:21:10.767] Adding entry into typings cache: 'webpack' => 'C:/Users/evert/AppData/Local/Microsoft/TypeScript/4.1/node_modules/webpack/types.d.ts'
[12:21:10.768] Adding entry into typings cache: 'webpack-bundle-analyzer' => 'C:/Users/evert/AppData/Local/Microsoft/TypeScript/4.1/node_modules/@types/webpack-bundle-analyzer/index.d.ts'
[12:21:10.770] Adding entry into typings cache: 'webpack-dev-middleware' => 'C:/Users/evert/AppData/Local/Microsoft/TypeScript/4.1/node_modules/@types/webpack-dev-middleware/index.d.ts'
[12:21:10.772] Adding entry into typings cache: 'webpack-dev-server' => 'C:/Users/evert/AppData/Local/Microsoft/TypeScript/4.1/node_modules/@types/webpack-dev-server/index.d.ts'
[12:21:10.774] Adding entry into typings cache: 'webpack-merge' => 'C:/Users/evert/AppData/Local/Microsoft/TypeScript/4.1/node_modules/@types/webpack-merge/index.d.ts'
[12:21:10.777] Adding entry into typings cache: 'webpack-sources' => 'C:/Users/evert/AppData/Local/Microsoft/TypeScript/4.1/node_modules/@types/webpack-sources/index.d.ts'
[12:21:10.778] Adding entry into typings cache: 'which' => 'C:/Users/evert/AppData/Local/Microsoft/TypeScript/4.1/node_modules/@types/which/index.d.ts'
[12:21:10.780] Adding entry into typings cache: 'wrap-ansi' => 'C:/Users/evert/AppData/Local/Microsoft/TypeScript/4.1/node_modules/@types/wrap-ansi/index.d.ts'
[12:21:10.781] Adding entry into typings cache: 'write' => 'C:/Users/evert/AppData/Local/Microsoft/TypeScript/4.1/node_modules/@types/write/index.d.ts'
[12:21:10.783] Adding entry into typings cache: 'ws' => 'C:/Users/evert/AppData/Local/Microsoft/TypeScript/4.1/node_modules/@types/ws/index.d.ts'
[12:21:10.784] Adding entry into typings cache: 'xtend' => 'C:/Users/evert/AppData/Local/Microsoft/TypeScript/4.1/node_modules/@types/xtend/index.d.ts'
[12:21:10.786] Adding entry into typings cache: 'y18n' => 'C:/Users/evert/AppData/Local/Microsoft/TypeScript/4.1/node_modules/@types/y18n/index.d.ts'
[12:21:10.788] Adding entry into typings cache: 'yallist' => 'C:/Users/evert/AppData/Local/Microsoft/TypeScript/4.1/node_modules/@types/yallist/index.d.ts'
[12:21:10.790] Adding entry into typings cache: 'yargs' => 'C:/Users/evert/AppData/Local/Microsoft/TypeScript/4.1/node_modules/@types/yargs/index.d.ts'
[12:21:10.792] Adding entry into typings cache: 'yargs-parser' => 'C:/Users/evert/AppData/Local/Microsoft/TypeScript/4.1/node_modules/@types/yargs-parser/index.d.ts'
[12:21:10.792] Finished processing cache location 'C:/Users/evert/AppData/Local/Microsoft/TypeScript/4.1'
[12:21:10.793] Process id: 10912
[12:21:10.793] NPM location: "C:\Program Files\nodejs\npm" (explicit '--npmLocation' not  provided)
[12:21:10.793] validateDefaultNpmLocation: false
[12:21:10.793] Npm config file: C:/Users/evert/AppData/Local/Microsoft/TypeScript/4.1/package.json
[12:21:10.794] Updating types-registry npm package...
[12:21:10.794] Exec: "C:\Program Files\nodejs\npm" install --ignore-scripts types-registry@latest
[12:21:13.574]     Succeeded. stdout:
    
    up to date, audited 625 packages in 2s

16 packages are looking for funding
  run `npm fund` for details

found 0 vulnerabilities

[12:21:13.574] Updated types-registry npm package
